2025-02-19 06:41:34,551 - root - INFO - Connected to Redis (prefix=)
2025-02-19 06:41:34,551 - sec_filings - ERROR - Validation error (invalid_form_type): Invalid form type: N-CEN
2025-02-19 06:41:35,690 - websocket - ERROR - error from callback <bound method SECWebSocket._on_error of <sec_api.sec_websocket.SECWebSocket object at 0x126ab9010>>: 'FilingErrorHandler' object has no attribute 'handle_connection_error'
2025-02-19 06:41:35,691 - websocket - INFO - tearing down on exception 'FilingErrorHandler' object has no attribute 'handle_connection_error'
2025-02-19 06:41:35,692 - websocket - ERROR - error from callback <bound method SECWebSocket._on_close of <sec_api.sec_websocket.SECWebSocket object at 0x126ab9010>>: 'FilingErrorHandler' object has no attribute 'print_summary'
2025-02-19 06:41:38,804 - websocket - ERROR - error from callback <bound method SECWebSocket._on_error of <sec_api.sec_websocket.SECWebSocket object at 0x126ab9010>>: 'FilingErrorHandler' object has no attribute 'handle_connection_error'
2025-02-19 06:41:38,805 - websocket - INFO - tearing down on exception 'FilingErrorHandler' object has no attribute 'handle_connection_error'
2025-02-19 06:41:38,806 - websocket - ERROR - error from callback <bound method SECWebSocket._on_close of <sec_api.sec_websocket.SECWebSocket object at 0x126ab9010>>: 'FilingErrorHandler' object has no attribute 'print_summary'
2025-02-19 06:41:44,019 - websocket - ERROR - error from callback <bound method SECWebSocket._on_error of <sec_api.sec_websocket.SECWebSocket object at 0x126ab9010>>: 'FilingErrorHandler' object has no attribute 'handle_connection_error'
2025-02-19 06:41:44,020 - websocket - INFO - tearing down on exception 'FilingErrorHandler' object has no attribute 'handle_connection_error'
2025-02-19 06:41:44,021 - websocket - ERROR - error from callback <bound method SECWebSocket._on_close of <sec_api.sec_websocket.SECWebSocket object at 0x126ab9010>>: 'FilingErrorHandler' object has no attribute 'print_summary'
2025-02-19 06:41:53,630 - websocket - ERROR - error from callback <bound method SECWebSocket._on_error of <sec_api.sec_websocket.SECWebSocket object at 0x126ab9010>>: 'FilingErrorHandler' object has no attribute 'handle_connection_error'
2025-02-19 06:41:53,631 - websocket - INFO - tearing down on exception 'FilingErrorHandler' object has no attribute 'handle_connection_error'
2025-02-19 06:41:53,632 - websocket - ERROR - error from callback <bound method SECWebSocket._on_close of <sec_api.sec_websocket.SECWebSocket object at 0x126ab9010>>: 'FilingErrorHandler' object has no attribute 'print_summary'
2025-02-19 06:42:10,793 - websocket - ERROR - error from callback <bound method SECWebSocket._on_error of <sec_api.sec_websocket.SECWebSocket object at 0x126ab9010>>: 'FilingErrorHandler' object has no attribute 'handle_connection_error'
2025-02-19 06:42:10,794 - websocket - INFO - tearing down on exception 'FilingErrorHandler' object has no attribute 'handle_connection_error'
2025-02-19 06:42:10,794 - websocket - ERROR - error from callback <bound method SECWebSocket._on_close of <sec_api.sec_websocket.SECWebSocket object at 0x126ab9010>>: 'FilingErrorHandler' object has no attribute 'print_summary'
2025-02-19 06:42:44,054 - websocket - ERROR - error from callback <bound method SECWebSocket._on_error of <sec_api.sec_websocket.SECWebSocket object at 0x126ab9010>>: 'FilingErrorHandler' object has no attribute 'handle_connection_error'
2025-02-19 06:42:44,055 - websocket - INFO - tearing down on exception 'FilingErrorHandler' object has no attribute 'handle_connection_error'
2025-02-19 06:42:44,056 - websocket - ERROR - error from callback <bound method SECWebSocket._on_close of <sec_api.sec_websocket.SECWebSocket object at 0x126ab9010>>: 'FilingErrorHandler' object has no attribute 'print_summary'
2025-02-19 06:43:49,320 - websocket - ERROR - error from callback <bound method SECWebSocket._on_error of <sec_api.sec_websocket.SECWebSocket object at 0x126ab9010>>: 'FilingErrorHandler' object has no attribute 'handle_connection_error'
2025-02-19 06:43:49,322 - websocket - INFO - tearing down on exception 'FilingErrorHandler' object has no attribute 'handle_connection_error'
2025-02-19 06:43:49,323 - websocket - ERROR - error from callback <bound method SECWebSocket._on_close of <sec_api.sec_websocket.SECWebSocket object at 0x126ab9010>>: 'FilingErrorHandler' object has no attribute 'print_summary'
2025-02-19 06:45:58,494 - websocket - ERROR - error from callback <bound method SECWebSocket._on_error of <sec_api.sec_websocket.SECWebSocket object at 0x126ab9010>>: 'FilingErrorHandler' object has no attribute 'handle_connection_error'
2025-02-19 06:45:58,496 - websocket - INFO - tearing down on exception 'FilingErrorHandler' object has no attribute 'handle_connection_error'
2025-02-19 06:45:58,497 - websocket - ERROR - error from callback <bound method SECWebSocket._on_close of <sec_api.sec_websocket.SECWebSocket object at 0x126ab9010>>: 'FilingErrorHandler' object has no attribute 'print_summary'
2025-02-19 06:50:15,710 - websocket - ERROR - error from callback <bound method SECWebSocket._on_error of <sec_api.sec_websocket.SECWebSocket object at 0x126ab9010>>: 'FilingErrorHandler' object has no attribute 'handle_connection_error'
2025-02-19 06:50:15,711 - websocket - INFO - tearing down on exception 'FilingErrorHandler' object has no attribute 'handle_connection_error'
2025-02-19 06:50:15,712 - websocket - ERROR - error from callback <bound method SECWebSocket._on_close of <sec_api.sec_websocket.SECWebSocket object at 0x126ab9010>>: 'FilingErrorHandler' object has no attribute 'print_summary'
