2025-01-22 14:26:41,331 - root - INFO - Connected to Redis
2025-01-22 14:26:41,333 - root - INFO - Connected to Redis
2025-01-22 14:26:41,335 - root - INFO - Connected to Redis
2025-01-22 14:26:41,337 - root - INFO - Connected to Redis
2025-01-22 14:26:41,339 - root - INFO - Connected to Redis
2025-01-22 14:26:41,339 - root - INFO - Attempting to initialize stock universe
2025-01-22 14:26:41,349 - root - INFO - Successfully read CSV with 40 rows
2025-01-22 14:26:41,352 - root - INFO - After cleaning and removing duplicates: 38 rows
2025-01-22 14:26:41,354 - root - INFO - Stored stock universe in Redis. Success: True
2025-01-22 14:26:41,355 - root - INFO - Stored 38 unique symbols in Redis. Success: True
2025-01-22 14:26:41,358 - root - INFO - Verification - Universe exists: True, Symbols exist: True
2025-01-22 14:29:39,352 - root - INFO - Connected to Redis
2025-01-22 14:29:39,356 - root - INFO - Connected to Redis
2025-01-22 14:29:39,360 - root - INFO - Connected to Redis
2025-01-22 14:29:39,362 - root - INFO - Connected to Redis
2025-01-22 14:29:39,363 - root - INFO - Connected to Redis
2025-01-22 14:29:39,364 - root - INFO - Attempting to initialize stock universe
2025-01-22 14:29:39,372 - root - INFO - Successfully read CSV with 40 rows
2025-01-22 14:29:39,377 - root - INFO - After cleaning and removing duplicates: 38 rows
2025-01-22 14:29:39,378 - root - INFO - Stored stock universe in Redis. Success: True
2025-01-22 14:29:39,380 - root - INFO - Stored 38 unique symbols in Redis. Success: True
2025-01-22 14:29:39,383 - root - INFO - Verification - Universe exists: True, Symbols exist: True
