2025-01-22 12:15:52,180 - root - INFO - Connected to Redis
2025-01-22 12:15:52,181 - root - INFO - Connected to Redis
2025-01-22 12:15:52,183 - root - INFO - Connected to Redis
2025-01-22 12:15:52,187 - root - INFO - Connected to Redis
2025-01-22 12:15:52,189 - root - INFO - Connected to Redis
2025-01-22 12:15:52,189 - root - INFO - Attempting to initialize stock universe
2025-01-22 12:15:52,199 - root - INFO - Successfully read CSV with 40 rows
2025-01-22 12:15:52,205 - root - INFO - After cleaning and removing duplicates: 38 rows
2025-01-22 12:15:52,209 - root - INFO - Stored stock universe in Redis. Success: True
2025-01-22 12:15:52,210 - root - INFO - Stored 38 unique symbols in Redis. Success: True
2025-01-22 12:15:52,211 - root - INFO - Verification - Universe exists: True, Symbols exist: True
2025-01-22 12:16:37,671 - root - INFO - Retrieved symbols string from Redis: None
2025-01-22 12:16:42,285 - root - INFO - Connected to Redis
2025-01-22 12:16:42,287 - root - INFO - Connected to Redis
2025-01-22 12:16:42,291 - root - INFO - Connected to Redis
2025-01-22 12:16:42,295 - root - INFO - Connected to Redis
2025-01-22 12:16:42,298 - root - INFO - Connected to Redis
2025-01-22 12:16:42,298 - root - INFO - Attempting to initialize stock universe
2025-01-22 12:16:42,303 - root - INFO - Successfully read CSV with 40 rows
2025-01-22 12:16:42,308 - root - INFO - After cleaning and removing duplicates: 38 rows
2025-01-22 12:16:42,309 - root - INFO - Stored stock universe in Redis. Success: True
2025-01-22 12:16:42,311 - root - INFO - Stored 38 unique symbols in Redis. Success: True
2025-01-22 12:16:42,319 - root - INFO - Verification - Universe exists: True, Symbols exist: True
2025-01-22 12:16:45,513 - root - INFO - Retrieved symbols string from Redis: ACCD,AHCO,AMCX,ARVN,ARWR,ATEC,AXSM,BAND,CDLX,CDNA,CSTL,DOMO,DY,EOLS,EYE,GBX,GKOS,HLIT,HZO,KRYS,MGNX,MIRM,MRCY,MXL,NEO,PHR,PI,PLCE,QURE,REVG,RVNC,RYTM,SNDX,SPT,UNFI,WWW,XENE,YMAB
2025-01-22 12:16:46,428 - root - INFO - Retrieved symbols string from Redis: ACCD,AHCO,AMCX,ARVN,ARWR,ATEC,AXSM,BAND,CDLX,CDNA,CSTL,DOMO,DY,EOLS,EYE,GBX,GKOS,HLIT,HZO,KRYS,MGNX,MIRM,MRCY,MXL,NEO,PHR,PI,PLCE,QURE,REVG,RVNC,RYTM,SNDX,SPT,UNFI,WWW,XENE,YMAB
2025-01-22 12:16:57,831 - root - INFO - Retrieved symbols string from Redis: ACCD,AHCO,AMCX,ARVN,ARWR,ATEC,AXSM,BAND,CDLX,CDNA,CSTL,DOMO,DY,EOLS,EYE,GBX,GKOS,HLIT,HZO,KRYS,MGNX,MIRM,MRCY,MXL,NEO,PHR,PI,PLCE,QURE,REVG,RVNC,RYTM,SNDX,SPT,UNFI,WWW,XENE,YMAB
