2025-01-22 15:28:10,392 - root - INFO - Connected to Redis
2025-01-22 15:28:10,394 - root - INFO - Connected to Redis
2025-01-22 15:28:10,396 - root - INFO - Connected to Redis
2025-01-22 15:28:10,398 - root - INFO - Connected to Redis
2025-01-22 15:28:10,399 - root - INFO - Connected to Redis
2025-01-22 15:28:10,400 - root - INFO - Attempting to initialize stock universe
2025-01-22 15:28:10,410 - root - INFO - Successfully read CSV with 40 rows
2025-01-22 15:28:10,413 - root - INFO - After cleaning and removing duplicates: 38 rows
2025-01-22 15:28:10,415 - root - INFO - Stored stock universe in Redis. Success: True
2025-01-22 15:28:10,416 - root - INFO - Stored 38 unique symbols in Redis. Success: True
2025-01-22 15:28:10,417 - root - INFO - Verification - Universe exists: True, Symbols exist: True
2025-01-22 15:54:46,509 - root - INFO - Connected to Redis
2025-01-22 15:54:46,511 - root - INFO - Connected to Redis
2025-01-22 15:54:46,513 - root - INFO - Connected to Redis
2025-01-22 15:54:46,515 - root - INFO - Connected to Redis
2025-01-22 15:54:46,516 - root - INFO - Connected to Redis
2025-01-22 15:54:46,517 - root - INFO - Attempting to initialize stock universe
2025-01-22 15:54:46,521 - root - INFO - Successfully read CSV with 40 rows
2025-01-22 15:54:46,524 - root - INFO - After cleaning and removing duplicates: 38 rows
2025-01-22 15:54:46,525 - root - INFO - Stored stock universe in Redis. Success: True
2025-01-22 15:54:46,526 - root - INFO - Stored 38 unique symbols in Redis. Success: True
2025-01-22 15:54:46,527 - root - INFO - Verification - Universe exists: True, Symbols exist: True
