2025-01-22 14:30:38,036 - root - INFO - Connected to Redis
2025-01-22 14:30:38,038 - root - INFO - Connected to Redis
2025-01-22 14:30:38,040 - root - INFO - Connected to Redis
2025-01-22 14:30:38,041 - root - INFO - Connected to Redis
2025-01-22 14:30:38,044 - root - INFO - Connected to Redis
2025-01-22 14:30:38,044 - root - INFO - Attempting to initialize stock universe
2025-01-22 14:30:38,054 - root - INFO - Successfully read CSV with 40 rows
2025-01-22 14:30:38,056 - root - INFO - After cleaning and removing duplicates: 38 rows
2025-01-22 14:30:38,058 - root - INFO - Stored stock universe in Redis. Success: True
2025-01-22 14:30:38,060 - root - INFO - Stored 38 unique symbols in Redis. Success: True
2025-01-22 14:30:38,061 - root - INFO - Verification - Universe exists: True, Symbols exist: True
2025-01-22 14:30:39,354 - root - INFO - Connected to Redis
2025-01-22 14:30:39,356 - root - INFO - Connected to Redis
2025-01-22 14:30:39,358 - root - INFO - Connected to Redis
2025-01-22 14:30:39,360 - root - INFO - Connected to Redis
2025-01-22 14:30:39,362 - root - INFO - Connected to Redis
2025-01-22 14:30:39,362 - root - INFO - Attempting to initialize stock universe
2025-01-22 14:30:39,366 - root - INFO - Successfully read CSV with 40 rows
2025-01-22 14:30:39,369 - root - INFO - After cleaning and removing duplicates: 38 rows
2025-01-22 14:30:39,371 - root - INFO - Stored stock universe in Redis. Success: True
2025-01-22 14:30:39,373 - root - INFO - Stored 38 unique symbols in Redis. Success: True
2025-01-22 14:30:39,382 - root - INFO - Verification - Universe exists: True, Symbols exist: True
2025-01-22 15:28:02,831 - root - INFO - Connected to Redis
2025-01-22 15:28:02,838 - root - INFO - Connected to Redis
2025-01-22 15:28:02,840 - root - INFO - Connected to Redis
2025-01-22 15:28:02,846 - root - INFO - Connected to Redis
2025-01-22 15:28:02,850 - root - INFO - Connected to Redis
2025-01-22 15:28:02,851 - root - INFO - Attempting to initialize stock universe
2025-01-22 15:28:02,869 - root - INFO - Successfully read CSV with 40 rows
2025-01-22 15:28:02,878 - root - INFO - After cleaning and removing duplicates: 38 rows
2025-01-22 15:28:02,886 - root - INFO - Stored stock universe in Redis. Success: True
2025-01-22 15:28:02,887 - root - INFO - Stored 38 unique symbols in Redis. Success: True
2025-01-22 15:28:02,894 - root - INFO - Verification - Universe exists: True, Symbols exist: True
